<?xml version="1.0" encoding="UTF-8"?>
<!-- Generated by org.testng.reporters.JUnitReportReporter -->
<testsuite hostname="MSI" failures="0" tests="4" name="myshop.com.Level_12_Dynamic_Locator" time="13.971" errors="0" timestamp="2024-07-23T11:35:39 ICT" skipped="0">
  <testcase classname="myshop.com.Level_12_Dynamic_Locator" name="TC1_Register_Page_Success" time="2.888"/>
  <testcase classname="myshop.com.Level_12_Dynamic_Locator" name="TC2_Login_Page_Success" time="6.911"/>
  <testcase classname="myshop.com.Level_12_Dynamic_Locator" name="TC4_02_Switch_Page_Object" time="3.548"/>
  <testcase classname="myshop.com.Level_12_Dynamic_Locator" name="TC3_Confirm_Info_Login" time="0.624"/>
</testsuite> <!-- myshop.com.Level_12_Dynamic_Locator -->
