<?xml version="1.0" encoding="UTF-8"?>
<!-- Generated by org.testng.reporters.JUnitReportReporter -->
<testsuite hostname="MSI" failures="0" tests="6" name="myshop.com.Nop_02_Login" time="10.398" errors="0" timestamp="2024-08-08T10:05:24 ICT" skipped="0">
  <testcase classname="myshop.com.Nop_02_Login" name="TC04_Email_Register_Password_Not_Input" time="2.150"/>
  <testcase classname="myshop.com.Nop_02_Login" name="TC03_Email_Not_Register" time="2.113"/>
  <testcase classname="myshop.com.Nop_02_Login" name="TC05_Email_Register_Password_Input_Wrong" time="1.991"/>
  <testcase classname="myshop.com.Nop_02_Login" name="TC02_Invalid_Email" time="1.642"/>
  <testcase classname="myshop.com.Nop_02_Login" name="TC01_Empty_Data" time="0.179"/>
  <testcase classname="myshop.com.Nop_02_Login" name="TC06_Email_Register_Password_Input_Right" time="2.323"/>
</testsuite> <!-- myshop.com.Nop_02_Login -->
