<?xml version="1.0" encoding="UTF-8"?>
<!-- Generated by org.testng.reporters.JUnitReportReporter -->
<testsuite hostname="MSI" failures="0" tests="1" name="myshop.com.Level_18_Extent_Report_V5" time="3.588" errors="0" timestamp="2024-08-01T15:09:19 ICT" skipped="0">
  <testcase classname="myshop.com.Level_18_Extent_Report_V5" name="TC1_Register_Page_Success" time="3.588"/>
</testsuite> <!-- myshop.com.Level_18_Extent_Report_V5 -->
