<?xml version="1.0" encoding="UTF-8"?>
<!-- Generated by org.testng.reporters.JUnitReportReporter -->
<testsuite hostname="MSI" failures="0" tests="4" name="myshop.com.Level_09_SwitchPageObject" time="12.694" errors="0" timestamp="2024-07-22T10:19:09 ICT" skipped="0">
  <testcase classname="myshop.com.Level_09_SwitchPageObject" name="TC1_Register_Page_Success" time="2.807"/>
  <testcase classname="myshop.com.Level_09_SwitchPageObject" name="TC3_Confirm_Info_Login" time="1.079"/>
  <testcase classname="myshop.com.Level_09_SwitchPageObject" name="TC4_Switch_Page_Object" time="5.443"/>
  <testcase classname="myshop.com.Level_09_SwitchPageObject" name="TC2_Login_Page_Success" time="3.365"/>
</testsuite> <!-- myshop.com.Level_09_SwitchPageObject -->
