<?xml version="1.0" encoding="UTF-8"?>
<!-- Generated by org.testng.reporters.JUnitReportReporter -->
<testsuite hostname="MSI" failures="0" tests="2" name="myshop.com.Level_19_Pattern_PageObject" time="5.265" errors="0" timestamp="2024-08-05T09:41:54 ICT" skipped="0">
  <testcase classname="myshop.com.Level_19_Pattern_PageObject" name="TC1_Register_Page_Success" time="2.528"/>
  <testcase classname="myshop.com.Level_19_Pattern_PageObject" name="TC2_Login_Page_Success" time="2.737"/>
</testsuite> <!-- myshop.com.Level_19_Pattern_PageObject -->
