<?xml version="1.0" encoding="UTF-8"?>
<!-- Generated by org.testng.reporters.JUnitReportReporter -->
<testsuite hostname="MSI" failures="0" tests="2" name="myshop.com.Level_11_Global_Contants" time="9.655" errors="0" timestamp="2024-07-22T21:53:45 ICT" skipped="0">
  <testcase classname="myshop.com.Level_11_Global_Contants" name="TC2_Login_Page_Success" time="7.263"/>
  <testcase classname="myshop.com.Level_11_Global_Contants" name="TC1_Register_Page_Success" time="2.392"/>
</testsuite> <!-- myshop.com.Level_11_Global_Contants -->
