<?xml version="1.0" encoding="UTF-8"?>
<!-- Generated by org.testng.reporters.JUnitReportReporter -->
<testsuite hostname="MSI" failures="0" tests="4" name="myshop.com.Level_17_Report_Screen_Shot" time="10.888" errors="0" timestamp="2024-07-30T14:49:51 ICT" skipped="0">
  <testcase classname="myshop.com.Level_17_Report_Screen_Shot" name="TC3_Confirm_Info_Login" time="0.702">
    <system-out>
      <![CDATA[User_01 - Step 13: Click To Link My Account
User_01 - Step 14: Verify Value First Name 
User_01 - Step 15: Verify Value Last Name 
User_01 - Step 16: Verify Value Email ]]>
    </system-out>
  </testcase> <!-- TC3_Confirm_Info_Login -->
  <testcase classname="myshop.com.Level_17_Report_Screen_Shot" name="TC1_Register_Page_Success" time="3.132">
    <system-out>
      <![CDATA[User_01 - Step 01: Click to Link Register on Homepage
User_01 - Step 02: Input First Name 
User_01 - Step 03: Input Last Name
User_01 - Step 04: Input Email
User_01 - Step 05: Input Password
User_01 - Step 06: Input Confirm Password
User_01 - Step 07: Click to Register Button]]>
    </system-out>
  </testcase> <!-- TC1_Register_Page_Success -->
  <testcase classname="myshop.com.Level_17_Report_Screen_Shot" name="TC2_Login_Page_Success" time="2.783">
    <system-out>
      <![CDATA[User_01 - Step 08: Click To Link Log Out 
User_01 - Step 09: Click To Link Login on HomePage
User_01 - Step 10: Input Email Login
User_01 - Step 11: Input Email Password
User_01 - Step 12: Click to Login Button]]>
    </system-out>
  </testcase> <!-- TC2_Login_Page_Success -->
  <testcase classname="myshop.com.Level_17_Report_Screen_Shot" name="TC4_02_Switch_Page_Object" time="4.271"/>
  <system-out>
    <![CDATA[User_01 - Step 01: Click to Link Register on Homepage
User_01 - Step 02: Input First Name 
User_01 - Step 03: Input Last Name
User_01 - Step 04: Input Email
User_01 - Step 05: Input Password
User_01 - Step 06: Input Confirm Password
User_01 - Step 07: Click to Register Button
User_01 - Step 08: Click To Link Log Out 
User_01 - Step 09: Click To Link Login on HomePage
User_01 - Step 10: Input Email Login
User_01 - Step 11: Input Email Password
User_01 - Step 12: Click to Login Button
User_01 - Step 13: Click To Link My Account
User_01 - Step 14: Verify Value First Name 
User_01 - Step 15: Verify Value Last Name 
User_01 - Step 16: Verify Value Email ]]>
  </system-out>
</testsuite> <!-- myshop.com.Level_17_Report_Screen_Shot -->
