<?xml version="1.0" encoding="UTF-8"?>
<!-- Generated by org.testng.reporters.JUnitReportReporter -->
<testsuite hostname="MSI" failures="0" tests="4" name="myshop.com.Nop_01_Register" time="10.229" errors="0" timestamp="2024-08-08T09:07:54 ICT" skipped="0">
  <testcase classname="myshop.com.Nop_01_Register" name="TC04_Information_Valid" time="3.031"/>
  <testcase classname="myshop.com.Nop_01_Register" name="TC02_Invalid_Email" time="2.740"/>
  <testcase classname="myshop.com.Nop_01_Register" name="TC03_ConfirmPassword_Not_Match_Password" time="2.491"/>
  <testcase classname="myshop.com.Nop_01_Register" name="TC01_Empty_Data" time="1.967"/>
</testsuite> <!-- myshop.com.Nop_01_Register -->
