<?xml version="1.0" encoding="UTF-8"?>
<!-- Generated by org.testng.reporters.JUnitReportReporter -->
<testsuite hostname="MSI" failures="0" tests="2" name="myshop.com.Level_10_Switch_Role_User" time="9.778" errors="0" timestamp="2024-07-22T21:12:04 ICT" skipped="0">
  <testcase classname="myshop.com.Level_10_Switch_Role_User" name="TC2_Login_Page_Success" time="7.116"/>
  <testcase classname="myshop.com.Level_10_Switch_Role_User" name="TC1_Register_Page_Success" time="2.662"/>
</testsuite> <!-- myshop.com.Level_10_Switch_Role_User -->
