<?xml version="1.0" encoding="UTF-8"?>
<!-- Generated by org.testng.reporters.JUnitReportReporter -->
<testsuite hostname="MSI" failures="0" tests="2" name="com.jquery.table.Level_13_Table" time="17.860" errors="0" timestamp="2024-07-25T13:24:40 ICT" skipped="0">
  <testcase classname="com.jquery.table.Level_13_Table" name="TC_01_Search" time="9.270"/>
  <testcase classname="com.jquery.table.Level_13_Table" name="TC_06_Action_By_Index" time="8.590"/>
</testsuite> <!-- com.jquery.table.Level_13_Table -->
