<?xml version="1.0" encoding="UTF-8"?>
<!-- Generated by org.testng.reporters.JUnitReportReporter -->
<testsuite hostname="MSI" failures="0" tests="1" name="com.nopcommerce.share.Level_Test_Addresses" time="0.653" errors="0" timestamp="2024-08-06T10:13:49 ICT" skipped="0">
  <testcase classname="com.nopcommerce.share.Level_Test_Addresses" name="TC1_Confirm_Info_Login" time="0.653"/>
</testsuite> <!-- com.nopcommerce.share.Level_Test_Addresses -->
