<?xml version="1.0" encoding="UTF-8"?>
<!-- Generated by org.testng.reporters.JUnitReportReporter -->
<testsuite hostname="MSI" failures="0" tests="2" name="myshop.com.Nop_03_MyAccount" time="0.000" errors="0" timestamp="2024-08-11T10:00:11 ICT" skipped="2">
  <testcase classname="myshop.com.Nop_03_MyAccount" name="TC02_Addresses" time="0.000">
    <skipped/>
  </testcase> <!-- TC02_Addresses -->
  <testcase classname="myshop.com.Nop_03_MyAccount" name="TC01_Customer_Info" time="0.000">
    <skipped/>
  </testcase> <!-- TC01_Customer_Info -->
</testsuite> <!-- myshop.com.Nop_03_MyAccount -->
