<?xml version="1.0" encoding="UTF-8"?>
<!-- Generated by org.testng.reporters.JUnitReportReporter -->
<testsuite hostname="MSI" failures="0" tests="4" name="myshop.com.Level_16_Log" time="14.129" errors="0" timestamp="2024-07-29T11:38:53 ICT" skipped="0">
  <testcase classname="myshop.com.Level_16_Log" name="TC3_Confirm_Info_Login" time="0.627">
    <system-out>
      <![CDATA[User_01 - Step 17: Click To Link My Account
User_01 - Step 18: Verify Value First Name 
User_01 - Step 18: Verify Value Last Name 
User_01 - Step 18: Verify Value Email ]]>
    </system-out>
  </testcase> <!-- TC3_Confirm_Info_Login -->
  <testcase classname="myshop.com.Level_16_Log" name="TC2_Login_Page_Success" time="7.084">
    <system-out>
      <![CDATA[User_01 - Step 08: Click To Link Log Out 
User_01 - Step 09: Click To Link Login on HomePage
User_01 - Step 10: Input Email Login
User_01 - Step 11: Input Email Password
User_01 - Step 12: Click to Login Button
User_01 - Step 13: Change URL into Admin
User_01 - Step 14: Click To Login Button 
User_01 - Step 15: Click To Log Out Page
User_01 - Step 16: Change URL into User]]>
    </system-out>
  </testcase> <!-- TC2_Login_Page_Success -->
  <testcase classname="myshop.com.Level_16_Log" name="TC1_Register_Page_Success" time="2.493">
    <system-out>
      <![CDATA[User_01 - Step 01: Click to Link Register on Homepage
User_01 - Step 02: Input First Name 
User_01 - Step 03: Input Last Name
User_01 - Step 04: Input Email
User_01 - Step 05: Input Password
User_01 - Step 06: Input Confirm Password
User_01 - Step 07: Click to Register Button]]>
    </system-out>
  </testcase> <!-- TC1_Register_Page_Success -->
  <testcase classname="myshop.com.Level_16_Log" name="TC4_02_Switch_Page_Object" time="3.925"/>
  <system-out>
    <![CDATA[User_01 - Step 01: Click to Link Register on Homepage
User_01 - Step 02: Input First Name 
User_01 - Step 03: Input Last Name
User_01 - Step 04: Input Email
User_01 - Step 05: Input Password
User_01 - Step 06: Input Confirm Password
User_01 - Step 07: Click to Register Button
User_01 - Step 08: Click To Link Log Out 
User_01 - Step 09: Click To Link Login on HomePage
User_01 - Step 10: Input Email Login
User_01 - Step 11: Input Email Password
User_01 - Step 12: Click to Login Button
User_01 - Step 13: Change URL into Admin
User_01 - Step 14: Click To Login Button 
User_01 - Step 15: Click To Log Out Page
User_01 - Step 16: Change URL into User
User_01 - Step 17: Click To Link My Account
User_01 - Step 18: Verify Value First Name 
User_01 - Step 18: Verify Value Last Name 
User_01 - Step 18: Verify Value Email ]]>
  </system-out>
</testsuite> <!-- myshop.com.Level_16_Log -->
