<?xml version="1.0" encoding="UTF-8"?>
<!-- Generated by org.testng.reporters.JUnitReportReporter -->
<testsuite hostname="MSI" failures="0" tests="4" name="myshop.com.SwitchPageObject" time="12.878" errors="0" timestamp="2024-07-21T11:59:51 ICT" skipped="0">
  <testcase classname="myshop.com.SwitchPageObject" name="TC2_Login_Page_Success" time="3.360"/>
  <testcase classname="myshop.com.SwitchPageObject" name="TC1_Register_Page_Success" time="3.059"/>
  <testcase classname="myshop.com.SwitchPageObject" name="TC3_Confirm_Info_Login" time="1.096"/>
  <testcase classname="myshop.com.SwitchPageObject" name="TC4_Switch_Page_Object" time="5.363"/>
</testsuite> <!-- myshop.com.SwitchPageObject -->
