<?xml version="1.0" encoding="UTF-8"?>
<!-- Generated by org.testng.reporters.JUnitReportReporter -->
<testsuite hostname="ES-ThanhPTT6" failures="0" tests="8" name="com.nopcormerce.user.Nop_04_Search" time="23.644" errors="0" timestamp="2024-04-02T10:22:41 ICT" skipped="0">
  <testcase classname="com.nopcormerce.user.Nop_04_Search" name="TC_07_Incorrect_Manufacturer_Advance_Search" time="4.439"/>
  <system-out/>
  <testcase classname="com.nopcormerce.user.Nop_04_Search" name="TC_08_Correct_Manufacturer_Advance_Search" time="4.325"/>
  <system-out/>
  <testcase classname="com.nopcormerce.user.Nop_04_Search" name="TC_03_Search_Product_Name_Relative" time="1.268"/>
  <system-out/>
  <testcase classname="com.nopcormerce.user.Nop_04_Search" name="TC_01_Search_With_Empty_Data" time="1.337"/>
  <system-out/>
  <testcase classname="com.nopcormerce.user.Nop_04_Search" name="TC_02_Search_Data_Not_Exsited" time="1.124"/>
  <system-out/>
  <testcase classname="com.nopcormerce.user.Nop_04_Search" name="TC_06_Sub_Categories_Advance_Search" time="3.500"/>
  <system-out/>
  <testcase classname="com.nopcormerce.user.Nop_04_Search" name="TC_04_Search_Product_Name_Absolute" time="1.228"/>
  <system-out/>
  <testcase classname="com.nopcormerce.user.Nop_04_Search" name="TC_05_Parent_Categories_Advance_Search" time="6.423"/>
  <system-out/>
</testsuite> <!-- com.nopcormerce.user.Nop_04_Search -->
