<?xml version="1.0" encoding="UTF-8"?>
<!-- Generated by org.testng.reporters.JUnitReportReporter -->
<testsuite hostname="ES-ThanhPTT6" failures="0" tests="8" name="com.nopcormerce.user.Nop_05_Sort_Display_Paging" time="11.036" errors="0" timestamp="2024-04-02T21:42:02 ICT" skipped="0">
  <testcase classname="com.nopcormerce.user.Nop_05_Sort_Display_Paging" name="TC_02_Sort_Name_Z_TO_A" time="2.222"/>
  <system-out/>
  <testcase classname="com.nopcormerce.user.Nop_05_Sort_Display_Paging" name="TC_01_Sort_Name_A_TO_Z" time="2.255"/>
  <system-out/>
  <testcase classname="com.nopcormerce.user.Nop_05_Sort_Display_Paging" name="TC_03_Sort_Price_Low_To_High" time="2.199"/>
  <system-out/>
  <testcase classname="com.nopcormerce.user.Nop_05_Sort_Display_Paging" name="TC_07_Incorrect_Manufacturer_Advance_Search" time="0.001"/>
  <system-out/>
  <testcase classname="com.nopcormerce.user.Nop_05_Sort_Display_Paging" name="TC_05_Display_3_Product_On_Page" time="2.161"/>
  <system-out/>
  <testcase classname="com.nopcormerce.user.Nop_05_Sort_Display_Paging" name="TC_08_Correct_Manufacturer_Advance_Search" time="0.001"/>
  <system-out/>
  <testcase classname="com.nopcormerce.user.Nop_05_Sort_Display_Paging" name="TC_04_Sort_Price_High_To_Low" time="2.196"/>
  <system-out/>
  <testcase classname="com.nopcormerce.user.Nop_05_Sort_Display_Paging" name="TC_06_Sub_Categories_Advance_Search" time="0.001"/>
  <system-out/>
</testsuite> <!-- com.nopcormerce.user.Nop_05_Sort_Display_Paging -->
