<?xml version="1.0" encoding="UTF-8"?>
<!-- Generated by org.testng.reporters.JUnitReportReporter -->
<testsuite hostname="ES-ThanhPTT6" failures="0" tests="4" name="com.nopcormerce.user.Nop_03_My_Account" time="25.460" errors="0" timestamp="2024-04-02T09:45:53 ICT" skipped="0">
  <testcase classname="com.nopcormerce.user.Nop_03_My_Account" name="TC_02_Addresses" time="2.932"/>
  <system-out/>
  <testcase classname="com.nopcormerce.user.Nop_03_My_Account" name="TC_03_Change_Password" time="16.990"/>
  <system-out/>
  <testcase classname="com.nopcormerce.user.Nop_03_My_Account" name="TC_01_Customer_Info" time="1.513"/>
  <system-out/>
  <testcase classname="com.nopcormerce.user.Nop_03_My_Account" name="TC_04_My_Product_Review" time="4.025"/>
  <system-out/>
</testsuite> <!-- com.nopcormerce.user.Nop_03_My_Account -->
