<?xml version="1.0" encoding="UTF-8"?>
<!-- Generated by org.testng.reporters.JUnitReportReporter -->
<testsuite hostname="ES-ThanhPTT6" failures="0" tests="5" name="com.nopcormerce.user.Nop_01_Register" time="9.196" errors="0" timestamp="2024-04-07T09:58:41 ICT" skipped="0">
  <testcase classname="com.nopcormerce.user.Nop_01_Register" name="TC_04_Password_Small_6_Character" time="1.154"/>
  <system-out/>
  <testcase classname="com.nopcormerce.user.Nop_01_Register" name="TC_03_Valid_Email" time="1.890"/>
  <system-out/>
  <testcase classname="com.nopcormerce.user.Nop_01_Register" name="TC_01_Empty_Data" time="0.459"/>
  <system-out/>
  <testcase classname="com.nopcormerce.user.Nop_01_Register" name="TC_05_Confirm_Password_Not_Match_Password" time="1.320"/>
  <system-out/>
  <testcase classname="com.nopcormerce.user.Nop_01_Register" name="TC_02_Invalid_Email" time="4.373"/>
  <system-out/>
</testsuite> <!-- com.nopcormerce.user.Nop_01_Register -->
